<?xml version="1.0" encoding="UTF-8"?>
<testsuite name="models.DepartmentsTest" tests="1" skipped="0" failures="0" errors="0" timestamp="2021-09-26T10:28:21" hostname="aaron" time="0.001">
  <properties/>
  <testcase name="depertment_instantiates_correctly" classname="models.DepartmentsTest" time="0.001"/>
  <system-out><![CDATA[]]></system-out>
  <system-err><![CDATA[]]></system-err>
</testsuite>
